<?xml version="1.0" encoding="UTF-8"?>
<!-- Generated by org.testng.reporters.JUnitReportReporter -->
<testsuite hostname="01-18-akhmadrizal" failures="0" tests="5" name="AUTest1" time="5.800" errors="0" timestamp="2023-02-14T11:28:53 WIB" skipped="0">
  <testcase classname="AUTest1" name="klikprofile" time="1.128"/>
  <system-out/>
  <testcase classname="AUTest1" name="klikhome" time="1.877"/>
  <system-out/>
  <testcase classname="AUTest1" name="faillogin" time="2.152"/>
  <system-out/>
  <testcase classname="AUTest1" name="kliklogout" time="0.344"/>
  <system-out/>
  <testcase classname="AUTest1" name="login" time="0.299"/>
  <system-out/>
</testsuite> <!-- AUTest1 -->
