<?xml version="1.0" encoding="UTF-8"?>
<!-- Generated by org.testng.reporters.JUnitReportReporter -->
<testsuite hostname="01-18-akhmadrizal" failures="0" tests="1" name="TestCase1" time="0.947" errors="0" timestamp="2023-02-08T10:48:55 WIB" skipped="0">
  <testcase classname="TestCase1" name="firstTry" time="0.947"/>
  <system-out/>
</testsuite> <!-- TestCase1 -->
